\BOOKMARK [0][-]{chapter.1}{Structure and functionality of the programme package}{}% 1
\BOOKMARK [1][-]{section.1.1}{Programming language and packages}{chapter.1}% 2
\BOOKMARK [1][-]{section.1.2}{Directory structure and basic functionality}{chapter.1}% 3
\BOOKMARK [0][-]{chapter.2}{Input files}{}% 4
\BOOKMARK [1][-]{section.2.1}{setup.txt}{chapter.2}% 5
\BOOKMARK [1][-]{section.2.2}{receivers.txt}{chapter.2}% 6
\BOOKMARK [1][-]{section.2.3}{correlation\137field\137and\137kernels.txt}{chapter.2}% 7
\BOOKMARK [1][-]{section.2.4}{ensemble\137correlation.txt}{chapter.2}% 8
\BOOKMARK [1][-]{section.2.5}{earthquake\137catalogue.txt}{chapter.2}% 9
\BOOKMARK [1][-]{section.2.6}{processing.txt}{chapter.2}% 10
\BOOKMARK [1][-]{section.2.7}{windows.txt}{chapter.2}% 11
\BOOKMARK [0][-]{chapter.3}{Task descriptions}{}% 12
\BOOKMARK [1][-]{section.3.1}{Random wavefield computations}{chapter.3}% 13
\BOOKMARK [2][-]{subsection.3.1.1}{Computing inter-station correlations from random wavefields}{section.3.1}% 14
\BOOKMARK [2][-]{subsection.3.1.2}{Computing source and propagation correctors}{section.3.1}% 15
\BOOKMARK [2][-]{subsection.3.1.3}{Computing effective correlations}{section.3.1}% 16
\BOOKMARK [2][-]{subsection.3.1.4}{Plotting source and propagation correctors}{section.3.1}% 17
\BOOKMARK [2][-]{subsection.3.1.5}{Plotting raw, processed and effective correlations}{section.3.1}% 18
\BOOKMARK [2][-]{subsection.3.1.6}{Plotting the spatial and temporal distribution of earthquakes}{section.3.1}% 19
\BOOKMARK [1][-]{section.3.2}{Deterministic wavefield computations}{chapter.3}% 20
\BOOKMARK [2][-]{subsection.3.2.1}{Computing inter-station correlation functions for a given power-spectral density distribution}{section.3.2}% 21
\BOOKMARK [2][-]{subsection.3.2.2}{Computing snapshots and movies of the interferometric wavefield}{section.3.2}% 22
\BOOKMARK [2][-]{subsection.3.2.3}{Computing source kernels}{section.3.2}% 23
